request arrival cycle, request accepted cycle, ptw_idx, npu_idx
5, 5, 0, 0
5, 5, 1, 0
5, 5, 2, 0
5, 5, 3, 0
5, 5, 4, 0
5, 5, 5, 0
5, 5, 6, 0
5, 5, 7, 0
5, 405, 0, 0
5, 405, 1, 0
5, 405, 2, 0
5, 405, 3, 0
5, 405, 4, 0
5, 405, 5, 0
5, 405, 6, 0
5, 405, 7, 0
5, 805, 0, 0
5, 805, 1, 0
5, 805, 2, 0
5, 805, 3, 0
5, 805, 4, 0
5, 805, 5, 0
5, 805, 6, 0
5, 805, 7, 0
5, 1205, 0, 0
5, 1205, 1, 0
5, 1205, 2, 0
5, 1205, 3, 0
90783, 90783, 4, 0
90783, 90783, 5, 0
90783, 90783, 6, 0
90783, 90783, 7, 0
90783, 90783, 0, 0
90783, 90783, 1, 0
90783, 90783, 2, 0
90783, 90783, 3, 0
90783, 91183, 0, 0
90783, 91183, 1, 0
90783, 91183, 2, 0
90783, 91183, 3, 0
90783, 91183, 4, 0
90783, 91183, 5, 0
90783, 91183, 6, 0
90783, 91183, 7, 0
90783, 91583, 0, 0
90783, 91583, 1, 0
90783, 91583, 2, 0
90783, 91583, 3, 0
90783, 91583, 4, 0
90783, 91583, 5, 0
90783, 91583, 6, 0
90783, 91583, 7, 0
90783, 91983, 0, 0
90783, 91983, 1, 0
90783, 91983, 2, 0
90783, 91983, 3, 0
90783, 91983, 4, 0
90783, 91983, 5, 0
90783, 91983, 6, 0
90783, 91983, 7, 0
90783, 92383, 0, 0
90783, 92383, 1, 0
90783, 92383, 2, 0
90783, 92383, 3, 0
90783, 92383, 4, 0
90783, 92383, 5, 0
90783, 92383, 6, 0
90783, 92383, 7, 0
90783, 92783, 0, 0
90783, 92783, 1, 0
90783, 92783, 2, 0
90783, 92783, 3, 0
90783, 92783, 4, 0
90783, 92783, 5, 0
90783, 92783, 6, 0
90783, 92783, 7, 0
90783, 93183, 0, 0
90783, 93183, 1, 0
90783, 93183, 2, 0
90783, 93183, 3, 0
90783, 93183, 4, 0
90783, 93183, 5, 0
90783, 93183, 6, 0
90783, 93183, 7, 0
90783, 93583, 0, 0
90783, 93583, 1, 0
90783, 93583, 2, 0
90783, 93583, 3, 0
90783, 93583, 4, 0
90783, 93583, 5, 0
90783, 93583, 6, 0
90783, 93583, 7, 0
90783, 93983, 0, 0
90783, 93983, 1, 0
90783, 93983, 2, 0
90783, 93983, 3, 0
90783, 93983, 4, 0
90783, 93983, 5, 0
90783, 93983, 6, 0
90783, 93983, 7, 0
90783, 94383, 0, 0
90783, 94383, 1, 0
90783, 94383, 2, 0
90783, 94383, 3, 0
90783, 94383, 4, 0
90783, 94383, 5, 0
90783, 94383, 6, 0
90783, 94383, 7, 0
90783, 94783, 0, 0
90783, 94783, 1, 0
90783, 94783, 2, 0
90783, 94783, 3, 0
90783, 94783, 4, 0
90783, 94783, 5, 0
90783, 94783, 6, 0
90783, 94783, 7, 0
90783, 95183, 0, 0
90783, 95183, 1, 0
90783, 95183, 2, 0
90783, 95183, 3, 0
90783, 95183, 4, 0
90783, 95183, 5, 0
90783, 95183, 6, 0
90783, 95183, 7, 0
90783, 95583, 0, 0
90783, 95583, 1, 0
90783, 95583, 2, 0
90783, 95583, 3, 0
90783, 95583, 4, 0
90783, 95583, 5, 0
90783, 95583, 6, 0
90783, 95583, 7, 0
90783, 95983, 0, 0
90783, 95983, 1, 0
90783, 95983, 2, 0
90783, 95983, 3, 0
90783, 95983, 4, 0
90783, 95983, 5, 0
90783, 95983, 6, 0
90783, 95983, 7, 0
90783, 96383, 0, 0
90783, 96383, 1, 0
90783, 96383, 2, 0
90783, 96383, 3, 0
90783, 96383, 4, 0
90783, 96383, 5, 0
90783, 96383, 6, 0
90783, 96383, 7, 0
90783, 96783, 0, 0
90783, 96783, 1, 0
90783, 96783, 2, 0
90783, 96783, 3, 0
90783, 96783, 4, 0
90783, 96783, 5, 0
90783, 96783, 6, 0
90783, 96783, 7, 0
90783, 97183, 0, 0
90783, 97183, 1, 0
90783, 97183, 2, 0
90783, 97183, 3, 0
90783, 97183, 4, 0
90783, 97183, 5, 0
90783, 97183, 6, 0
90783, 97183, 7, 0
90783, 97583, 0, 0
90783, 97583, 1, 0
90783, 97583, 2, 0
90783, 97583, 3, 0
90783, 97583, 4, 0
90783, 97583, 5, 0
90783, 97583, 6, 0
90783, 97583, 7, 0
90783, 97983, 0, 0
90783, 97983, 1, 0
90783, 97983, 2, 0
90783, 97983, 3, 0
90783, 97983, 4, 0
90783, 97983, 5, 0
90783, 97983, 6, 0
90783, 97983, 7, 0
90783, 98383, 0, 0
90783, 98383, 1, 0
90783, 98383, 2, 0
90783, 98383, 3, 0
90783, 98383, 4, 0
90783, 98383, 5, 0
90783, 98383, 6, 0
90783, 98383, 7, 0
90783, 98783, 0, 0
90783, 98783, 1, 0
90783, 98783, 2, 0
90783, 98783, 3, 0
90783, 98783, 4, 0
90783, 98783, 5, 0
90783, 98783, 6, 0
90783, 98783, 7, 0
90783, 99183, 0, 0
90783, 99183, 1, 0
90783, 99183, 2, 0
90783, 99183, 3, 0
90783, 99183, 4, 0
90783, 99183, 5, 0
90783, 99183, 6, 0
90783, 99183, 7, 0
90783, 99583, 0, 0
90783, 99583, 1, 0
90783, 99583, 2, 0
90783, 99583, 3, 0
90783, 99583, 4, 0
90783, 99583, 5, 0
90783, 99583, 6, 0
90783, 99583, 7, 0
90783, 99983, 0, 0
90783, 99983, 1, 0
90783, 99983, 2, 0
90783, 99983, 3, 0
90783, 99983, 4, 0
90783, 99983, 5, 0
90783, 99983, 6, 0
90783, 99983, 7, 0
90783, 100383, 0, 0
90783, 100383, 1, 0
90783, 100383, 2, 0
90783, 100383, 3, 0
90783, 100383, 4, 0
100856, 100856, 5, 0
100856, 100856, 6, 0
100856, 100856, 7, 0
100856, 100856, 0, 0
100856, 100856, 1, 0
100856, 100856, 2, 0
100856, 100856, 3, 0
100856, 100856, 4, 0
100856, 101256, 0, 0
100856, 101256, 1, 0
100856, 101256, 2, 0
100856, 101256, 3, 0
100856, 101256, 4, 0
100856, 101256, 5, 0
437500, 437500, 6, 0
437500, 437500, 7, 0
437500, 437500, 0, 0
437500, 437500, 1, 0
437500, 437500, 2, 0
437500, 437500, 3, 0
437500, 437500, 4, 0
437500, 437500, 5, 0
437500, 437900, 0, 0
437500, 437900, 1, 0
437500, 437900, 2, 0
437500, 437900, 3, 0
437500, 437900, 4, 0
437500, 437900, 5, 0
437500, 437900, 6, 0
437500, 437900, 7, 0
437500, 438300, 0, 0
437500, 438300, 1, 0
437500, 438300, 2, 0
437500, 438300, 3, 0
437500, 438300, 4, 0
437500, 438300, 5, 0
437500, 438300, 6, 0
437500, 438300, 7, 0
437500, 438700, 0, 0
437500, 438700, 1, 0
437500, 438700, 2, 0
437500, 438700, 3, 0
437500, 438700, 4, 0
437500, 438700, 5, 0
439159, 439159, 6, 0
439159, 439159, 7, 0
439159, 439159, 0, 0
439159, 439159, 1, 0
439159, 439159, 2, 0
439159, 439159, 3, 0
439159, 439159, 4, 0
439159, 439159, 5, 0
439159, 439559, 0, 0
439159, 439559, 1, 0
439159, 439559, 2, 0
439159, 439559, 3, 0
439159, 439559, 4, 0
439159, 439559, 5, 0
439159, 439559, 6, 0
439159, 439559, 7, 0
439159, 439959, 0, 0
439159, 439959, 1, 0
439159, 439959, 2, 0
439159, 439959, 3, 0
439159, 439959, 4, 0
439159, 439959, 5, 0
439159, 439959, 6, 0
439159, 439959, 7, 0
439159, 440359, 0, 0
439159, 440359, 1, 0
439159, 440359, 2, 0
439159, 440359, 3, 0
439159, 440359, 4, 0
439159, 440359, 5, 0
439159, 440359, 6, 0
439159, 440359, 7, 0
439159, 440759, 0, 0
439159, 440759, 1, 0
439159, 440759, 2, 0
439159, 440759, 3, 0
439159, 440759, 4, 0
439159, 440759, 5, 0
439159, 440759, 6, 0
439159, 440759, 7, 0
439159, 441159, 0, 0
439159, 441159, 1, 0
439159, 441159, 2, 0
439159, 441159, 3, 0
439159, 441159, 4, 0
439159, 441159, 5, 0
439159, 441159, 6, 0
439159, 441159, 7, 0
439159, 441559, 0, 0
439159, 441559, 1, 0
439159, 441559, 2, 0
439159, 441559, 3, 0
439159, 441559, 4, 0
439159, 441559, 5, 0
439159, 441559, 6, 0
439159, 441559, 7, 0
439159, 441959, 0, 0
439159, 441959, 1, 0
439159, 441959, 2, 0
439159, 441959, 3, 0
439159, 441959, 4, 0
439159, 441959, 5, 0
439159, 441959, 6, 0
439159, 441959, 7, 0
439159, 442359, 0, 0
439159, 442359, 1, 0
439159, 442359, 2, 0
439159, 442359, 3, 0
439159, 442359, 4, 0
439159, 442359, 5, 0
439159, 442359, 6, 0
439159, 442359, 7, 0
439159, 442759, 0, 0
439159, 442759, 1, 0
439159, 442759, 2, 0
439159, 442759, 3, 0
439159, 442759, 4, 0
439159, 442759, 5, 0
439159, 442759, 6, 0
439159, 442759, 7, 0
439159, 443159, 0, 0
439159, 443159, 1, 0
439159, 443159, 2, 0
439159, 443159, 3, 0
439159, 443159, 4, 0
439159, 443159, 5, 0
439159, 443159, 6, 0
439159, 443159, 7, 0
439159, 443559, 0, 0
439159, 443559, 1, 0
439159, 443559, 2, 0
439159, 443559, 3, 0
439159, 443559, 4, 0
439159, 443559, 5, 0
439159, 443559, 6, 0
439159, 443559, 7, 0
439159, 443959, 0, 0
439159, 443959, 1, 0
439159, 443959, 2, 0
439159, 443959, 3, 0
439159, 443959, 4, 0
439159, 443959, 5, 0
439159, 443959, 6, 0
439159, 443959, 7, 0
439159, 444359, 0, 0
439159, 444359, 1, 0
439159, 444359, 2, 0
439159, 444359, 3, 0
439159, 444359, 4, 0
439159, 444359, 5, 0
439159, 444359, 6, 0
439159, 444359, 7, 0
439159, 444759, 0, 0
439159, 444759, 1, 0
439159, 444759, 2, 0
439159, 444759, 3, 0
439159, 444759, 4, 0
439159, 444759, 5, 0
439159, 444759, 6, 0
439159, 444759, 7, 0
439159, 445159, 0, 0
439159, 445159, 1, 0
439159, 445159, 2, 0
439159, 445159, 3, 0
439159, 445159, 4, 0
439159, 445159, 5, 0
439159, 445159, 6, 0
439159, 445159, 7, 0
439159, 445559, 0, 0
439159, 445559, 1, 0
439159, 445559, 2, 0
439159, 445559, 3, 0
439159, 445559, 4, 0
439159, 445559, 5, 0
439159, 445559, 6, 0
439159, 445559, 7, 0
439159, 445959, 0, 0
439159, 445959, 1, 0
439159, 445959, 2, 0
439159, 445959, 3, 0
439159, 445959, 4, 0
439159, 445959, 5, 0
439159, 445959, 6, 0
439159, 445959, 7, 0
439159, 446359, 0, 0
439159, 446359, 1, 0
439159, 446359, 2, 0
439159, 446359, 3, 0
439159, 446359, 4, 0
439159, 446359, 5, 0
439159, 446359, 6, 0
439159, 446359, 7, 0
439159, 446759, 0, 0
439159, 446759, 1, 0
439159, 446759, 2, 0
439159, 446759, 3, 0
439159, 446759, 4, 0
439159, 446759, 5, 0
439159, 446759, 6, 0
439159, 446759, 7, 0
439159, 447159, 0, 0
439159, 447159, 1, 0
439159, 447159, 2, 0
439159, 447159, 3, 0
439159, 447159, 4, 0
439159, 447159, 5, 0
439159, 447159, 6, 0
439159, 447159, 7, 0
439159, 447559, 0, 0
439159, 447559, 1, 0
439159, 447559, 2, 0
439159, 447559, 3, 0
439159, 447559, 4, 0
439159, 447559, 5, 0
439159, 447559, 6, 0
439159, 447559, 7, 0
439159, 447959, 0, 0
439159, 447959, 1, 0
439159, 447959, 2, 0
439159, 447959, 3, 0
439159, 447959, 4, 0
439159, 447959, 5, 0
439159, 447959, 6, 0
439159, 447959, 7, 0
439159, 448359, 0, 0
439159, 448359, 1, 0
439159, 448359, 2, 0
439159, 448359, 3, 0
439159, 448359, 4, 0
439159, 448359, 5, 0
439159, 448359, 6, 0
439159, 448359, 7, 0
439159, 448759, 0, 0
439159, 448759, 1, 0
439159, 448759, 2, 0
439159, 448759, 3, 0
439159, 448759, 4, 0
439159, 448759, 5, 0
439159, 448759, 6, 0
439159, 448759, 7, 0
439159, 449159, 0, 0
439159, 449159, 1, 0
439159, 449159, 2, 0
439159, 449159, 3, 0
439159, 449159, 4, 0
439159, 449159, 5, 0
439159, 449159, 6, 0
439159, 449159, 7, 0
439159, 449559, 0, 0
439159, 449559, 1, 0
439159, 449559, 2, 0
439159, 449559, 3, 0
439159, 449559, 4, 0
439159, 449559, 5, 0
439159, 449559, 6, 0
439159, 449559, 7, 0
439159, 449959, 0, 0
439159, 449959, 1, 0
439159, 449959, 2, 0
439159, 449959, 3, 0
439159, 449959, 4, 0
439159, 449959, 5, 0
439159, 449959, 6, 0
439159, 449959, 7, 0
439159, 450359, 0, 0
439159, 450359, 1, 0
439159, 450359, 2, 0
439159, 450359, 3, 0
439159, 450359, 4, 0
439159, 450359, 5, 0
439159, 450359, 6, 0
439159, 450359, 7, 0
439159, 450759, 0, 0
439159, 450759, 1, 0
439159, 450759, 2, 0
439159, 450759, 3, 0
439159, 450759, 4, 0
439159, 450759, 5, 0
439159, 450759, 6, 0
439159, 450759, 7, 0
439159, 451159, 0, 0
439159, 451159, 1, 0
439159, 451159, 2, 0
439159, 451159, 3, 0
439159, 451159, 4, 0
439159, 451159, 5, 0
439159, 451159, 6, 0
439159, 451159, 7, 0
439159, 451559, 0, 0
439159, 451559, 1, 0
439159, 451559, 2, 0
439159, 451559, 3, 0
439159, 451559, 4, 0
439159, 451559, 5, 0
439159, 451559, 6, 0
439159, 451559, 7, 0
439159, 451959, 0, 0
439159, 451959, 1, 0
439159, 451959, 2, 0
439159, 451959, 3, 0
439159, 451959, 4, 0
439159, 451959, 5, 0
439159, 451959, 6, 0
439159, 451959, 7, 0
439159, 452359, 0, 0
439159, 452359, 1, 0
439159, 452359, 2, 0
439159, 452359, 3, 0
439159, 452359, 4, 0
439159, 452359, 5, 0
439159, 452359, 6, 0
439159, 452359, 7, 0
439159, 452759, 0, 0
439159, 452759, 1, 0
439159, 452759, 2, 0
439159, 452759, 3, 0
439159, 452759, 4, 0
439159, 452759, 5, 0
439159, 452759, 6, 0
439159, 452759, 7, 0
439159, 453159, 0, 0
439159, 453159, 1, 0
439159, 453159, 2, 0
439159, 453159, 3, 0
439159, 453159, 4, 0
439159, 453159, 5, 0
439159, 453159, 6, 0
439159, 453159, 7, 0
439159, 453559, 0, 0
439159, 453559, 1, 0
439159, 453559, 2, 0
439159, 453559, 3, 0
439159, 453559, 4, 0
439159, 453559, 5, 0
439159, 453559, 6, 0
439159, 453559, 7, 0
439159, 453959, 0, 0
439159, 453959, 1, 0
439159, 453959, 2, 0
439159, 453959, 3, 0
439159, 453959, 4, 0
439159, 453959, 5, 0
439159, 453959, 6, 0
439159, 453959, 7, 0
439159, 454359, 0, 0
439159, 454359, 1, 0
439159, 454359, 2, 0
439159, 454359, 3, 0
439159, 454359, 4, 0
439159, 454359, 5, 0
439159, 454359, 6, 0
439159, 454359, 7, 0
439159, 454759, 0, 0
439159, 454759, 1, 0
439159, 454759, 2, 0
439159, 454759, 3, 0
439159, 454759, 4, 0
439159, 454759, 5, 0
439159, 454759, 6, 0
439159, 454759, 7, 0
439159, 455159, 0, 0
439159, 455159, 1, 0
439159, 455159, 2, 0
439159, 455159, 3, 0
439159, 455159, 4, 0
439159, 455159, 5, 0
439159, 455159, 6, 0
439159, 455159, 7, 0
439159, 455559, 0, 0
439159, 455559, 1, 0
439159, 455559, 2, 0
439159, 455559, 3, 0
439159, 455559, 4, 0
439159, 455559, 5, 0
439159, 455559, 6, 0
439159, 455559, 7, 0
439159, 455959, 0, 0
439159, 455959, 1, 0
439159, 455959, 2, 0
439159, 455959, 3, 0
439159, 455959, 4, 0
439159, 455959, 5, 0
439159, 455959, 6, 0
439159, 455959, 7, 0
439159, 456359, 0, 0
439159, 456359, 1, 0
439159, 456359, 2, 0
439159, 456359, 3, 0
439159, 456359, 4, 0
439159, 456359, 5, 0
439159, 456359, 6, 0
439159, 456359, 7, 0
439159, 456759, 0, 0
439159, 456759, 1, 0
439159, 456759, 2, 0
439159, 456759, 3, 0
439159, 456759, 4, 0
439159, 456759, 5, 0
439159, 456759, 6, 0
439159, 456759, 7, 0
439159, 457159, 0, 0
439159, 457159, 1, 0
439159, 457159, 2, 0
439159, 457159, 3, 0
439159, 457159, 4, 0
439159, 457159, 5, 0
439159, 457159, 6, 0
439159, 457159, 7, 0
439159, 457559, 0, 0
439159, 457559, 1, 0
439159, 457559, 2, 0
439159, 457559, 3, 0
439159, 457559, 4, 0
439159, 457559, 5, 0
439159, 457559, 6, 0
439159, 457559, 7, 0
473660, 473660, 0, 0
473660, 473660, 1, 0
473660, 473660, 2, 0
473660, 473660, 3, 0
473660, 473660, 4, 0
473660, 473660, 5, 0
473660, 473660, 6, 0
473660, 473660, 7, 0
473660, 474060, 0, 0
473660, 474060, 1, 0
473660, 474060, 2, 0
473660, 474060, 3, 0
473660, 474060, 4, 0
473660, 474060, 5, 0
473660, 474060, 6, 0
473660, 474060, 7, 0
473660, 474460, 0, 0
473660, 474460, 1, 0
473660, 474460, 2, 0
473660, 474460, 3, 0
473660, 474460, 4, 0
473660, 474460, 5, 0
473660, 474460, 6, 0
473660, 474460, 7, 0
473660, 474860, 0, 0
473660, 474860, 1, 0
473660, 474860, 2, 0
473660, 474860, 3, 0
473660, 474860, 4, 0
473660, 474860, 5, 0
473660, 474860, 6, 0
473660, 474860, 7, 0
473660, 475260, 0, 0
473660, 475260, 1, 0
473660, 475260, 2, 0
473660, 475260, 3, 0
473660, 475260, 4, 0
473660, 475260, 5, 0
473660, 475260, 6, 0
473660, 475260, 7, 0
473660, 475660, 0, 0
473660, 475660, 1, 0
473660, 475660, 2, 0
473660, 475660, 3, 0
473660, 475660, 4, 0
473660, 475660, 5, 0
473660, 475660, 6, 0
473660, 475660, 7, 0
473660, 476060, 0, 0
473660, 476060, 1, 0
473660, 476060, 2, 0
473660, 476060, 3, 0
473660, 476060, 4, 0
473660, 476060, 5, 0
473660, 476060, 6, 0
473660, 476060, 7, 0
473660, 476460, 0, 0
473660, 476460, 1, 0
473660, 476460, 2, 0
473660, 476460, 3, 0
473660, 476460, 4, 0
473660, 476460, 5, 0
473660, 476460, 6, 0
473660, 476460, 7, 0
473660, 476860, 0, 0
473660, 476860, 1, 0
473660, 476860, 2, 0
473660, 476860, 3, 0
473660, 476860, 4, 0
473660, 476860, 5, 0
473660, 476860, 6, 0
473660, 476860, 7, 0
473660, 477260, 0, 0
473660, 477260, 1, 0
473660, 477260, 2, 0
473660, 477260, 3, 0
473660, 477260, 4, 0
473660, 477260, 5, 0
473660, 477260, 6, 0
473660, 477260, 7, 0
473660, 477660, 0, 0
473660, 477660, 1, 0
473660, 477660, 2, 0
473660, 477660, 3, 0
473660, 477660, 4, 0
473660, 477660, 5, 0
473660, 477660, 6, 0
473660, 477660, 7, 0
473660, 478060, 0, 0
473660, 478060, 1, 0
473660, 478060, 2, 0
473660, 478060, 3, 0
473660, 478060, 4, 0
473660, 478060, 5, 0
473660, 478060, 6, 0
473660, 478060, 7, 0
473660, 478460, 0, 0
473660, 478460, 1, 0
473660, 478460, 2, 0
473660, 478460, 3, 0
473660, 478460, 4, 0
473660, 478460, 5, 0
473660, 478460, 6, 0
473660, 478460, 7, 0
473660, 478860, 0, 0
473660, 478860, 1, 0
473660, 478860, 2, 0
473660, 478860, 3, 0
473660, 478860, 4, 0
473660, 478860, 5, 0
473660, 478860, 6, 0
473660, 478860, 7, 0
473660, 479260, 0, 0
473660, 479260, 1, 0
473660, 479260, 2, 0
473660, 479260, 3, 0
473660, 479260, 4, 0
473660, 479260, 5, 0
473660, 479260, 6, 0
473660, 479260, 7, 0
473660, 479660, 0, 0
473660, 479660, 1, 0
473660, 479660, 2, 0
473660, 479660, 3, 0
473660, 479660, 4, 0
473660, 479660, 5, 0
473660, 479660, 6, 0
473660, 479660, 7, 0
473660, 480060, 0, 0
473660, 480060, 1, 0
473660, 480060, 2, 0
473660, 480060, 3, 0
473660, 480060, 4, 0
473660, 480060, 5, 0
473660, 480060, 6, 0
473660, 480060, 7, 0
473660, 480460, 0, 0
473660, 480460, 1, 0
473660, 480460, 2, 0
473660, 480460, 3, 0
473660, 480460, 4, 0
473660, 480460, 5, 0
473660, 480460, 6, 0
473660, 480460, 7, 0
473660, 480860, 0, 0
473660, 480860, 1, 0
473660, 480860, 2, 0
473660, 480860, 3, 0
473660, 480860, 4, 0
473660, 480860, 5, 0
473660, 480860, 6, 0
473660, 480860, 7, 0
473660, 481260, 0, 0
473660, 481260, 1, 0
473660, 481260, 2, 0
473660, 481260, 3, 0
473660, 481260, 4, 0
473660, 481260, 5, 0
473660, 481260, 6, 0
473660, 481260, 7, 0
473660, 481660, 0, 0
473660, 481660, 1, 0
473660, 481660, 2, 0
473660, 481660, 3, 0
473660, 481660, 4, 0
473660, 481660, 5, 0
473660, 481660, 6, 0
473660, 481660, 7, 0
473660, 482060, 0, 0
473660, 482060, 1, 0
473660, 482060, 2, 0
473660, 482060, 3, 0
473660, 482060, 4, 0
473660, 482060, 5, 0
473660, 482060, 6, 0
473660, 482060, 7, 0
473660, 482460, 0, 0
473660, 482460, 1, 0
473660, 482460, 2, 0
473660, 482460, 3, 0
473660, 482460, 4, 0
473660, 482460, 5, 0
473660, 482460, 6, 0
473660, 482460, 7, 0
473660, 482860, 0, 0
473660, 482860, 1, 0
473660, 482860, 2, 0
473660, 482860, 3, 0
473660, 482860, 4, 0
473660, 482860, 5, 0
473660, 482860, 6, 0
473660, 482860, 7, 0
473660, 483260, 0, 0
473660, 483260, 1, 0
473660, 483260, 2, 0
473660, 483260, 3, 0
473660, 483260, 4, 0
473660, 483260, 5, 0
473660, 483260, 6, 0
473660, 483260, 7, 0
473660, 483660, 0, 0
473660, 483660, 1, 0
473660, 483660, 2, 0
473660, 483660, 3, 0
473660, 483660, 4, 0
473660, 483660, 5, 0
473660, 483660, 6, 0
473660, 483660, 7, 0
473660, 484060, 0, 0
473660, 484060, 1, 0
473660, 484060, 2, 0
473660, 484060, 3, 0
473660, 484060, 4, 0
473660, 484060, 5, 0
473660, 484060, 6, 0
473660, 484060, 7, 0
473660, 484460, 0, 0
473660, 484460, 1, 0
473660, 484460, 2, 0
473660, 484460, 3, 0
473660, 484460, 4, 0
473660, 484460, 5, 0
473660, 484460, 6, 0
473660, 484460, 7, 0
473660, 484860, 0, 0
473660, 484860, 1, 0
473660, 484860, 2, 0
473660, 484860, 3, 0
473660, 484860, 4, 0
473660, 484860, 5, 0
473660, 484860, 6, 0
473660, 484860, 7, 0
473660, 485260, 0, 0
473660, 485260, 1, 0
473660, 485260, 2, 0
473660, 485260, 3, 0
473660, 485260, 4, 0
473660, 485260, 5, 0
473660, 485260, 6, 0
473660, 485260, 7, 0
473660, 485660, 0, 0
473660, 485660, 1, 0
473660, 485660, 2, 0
473660, 485660, 3, 0
473660, 485660, 4, 0
473660, 485660, 5, 0
473660, 485660, 6, 0
473660, 485660, 7, 0
473660, 486060, 0, 0
473660, 486060, 1, 0
473660, 486060, 2, 0
473660, 486060, 3, 0
473660, 486060, 4, 0
473660, 486060, 5, 0
473660, 486060, 6, 0
473660, 486060, 7, 0
473660, 486460, 0, 0
473660, 486460, 1, 0
473660, 486460, 2, 0
473660, 486460, 3, 0
473660, 486460, 4, 0
473660, 486460, 5, 0
473660, 486460, 6, 0
473660, 486460, 7, 0
473660, 486860, 0, 0
473660, 486860, 1, 0
473660, 486860, 2, 0
473660, 486860, 3, 0
473660, 486860, 4, 0
473660, 486860, 5, 0
473660, 486860, 6, 0
473660, 486860, 7, 0
473660, 487260, 0, 0
473660, 487260, 1, 0
473660, 487260, 2, 0
473660, 487260, 3, 0
473660, 487260, 4, 0
473660, 487260, 5, 0
473660, 487260, 6, 0
473660, 487260, 7, 0
473660, 487660, 0, 0
473660, 487660, 1, 0
473660, 487660, 2, 0
473660, 487660, 3, 0
473660, 487660, 4, 0
473660, 487660, 5, 0
473660, 487660, 6, 0
473660, 487660, 7, 0
473660, 488060, 0, 0
473660, 488060, 1, 0
473660, 488060, 2, 0
473660, 488060, 3, 0
473660, 488060, 4, 0
473660, 488060, 5, 0
473660, 488060, 6, 0
473660, 488060, 7, 0
473660, 488460, 0, 0
473660, 488460, 1, 0
473660, 488460, 2, 0
473660, 488460, 3, 0
473660, 488460, 4, 0
473660, 488460, 5, 0
473660, 488460, 6, 0
473660, 488460, 7, 0
473660, 488860, 0, 0
473660, 488860, 1, 0
473660, 488860, 2, 0
473660, 488860, 3, 0
473660, 488860, 4, 0
473660, 488860, 5, 0
473660, 488860, 6, 0
473660, 488860, 7, 0
473660, 489260, 0, 0
473660, 489260, 1, 0
473660, 489260, 2, 0
473660, 489260, 3, 0
473660, 489260, 4, 0
473660, 489260, 5, 0
473660, 489260, 6, 0
473660, 489260, 7, 0
473660, 489660, 0, 0
473660, 489660, 1, 0
473660, 489660, 2, 0
473660, 489660, 3, 0
473660, 489660, 4, 0
473660, 489660, 5, 0
473660, 489660, 6, 0
473660, 489660, 7, 0
473660, 490060, 0, 0
473660, 490060, 1, 0
473660, 490060, 2, 0
473660, 490060, 3, 0
473660, 490060, 4, 0
473660, 490060, 5, 0
473660, 490060, 6, 0
473660, 490060, 7, 0
473660, 490460, 0, 0
473660, 490460, 1, 0
473660, 490460, 2, 0
473660, 490460, 3, 0
473660, 490460, 4, 0
473660, 490460, 5, 0
473660, 490460, 6, 0
473660, 490460, 7, 0
473660, 490860, 0, 0
473660, 490860, 1, 0
473660, 490860, 2, 0
473660, 490860, 3, 0
473660, 490860, 4, 0
473660, 490860, 5, 0
473660, 490860, 6, 0
473660, 490860, 7, 0
473660, 491260, 0, 0
473660, 491260, 1, 0
473660, 491260, 2, 0
473660, 491260, 3, 0
473660, 491260, 4, 0
473660, 491260, 5, 0
473660, 491260, 6, 0
473660, 491260, 7, 0
473660, 491660, 0, 0
473660, 491660, 1, 0
473660, 491660, 2, 0
473660, 491660, 3, 0
473660, 491660, 4, 0
473660, 491660, 5, 0
473660, 491660, 6, 0
473660, 491660, 7, 0
473660, 492060, 0, 0
473660, 492060, 1, 0
473660, 492060, 2, 0
473660, 492060, 3, 0
473660, 492060, 4, 0
473660, 492060, 5, 0
473660, 492060, 6, 0
473660, 492060, 7, 0
473660, 492460, 0, 0
473660, 492460, 1, 0
473660, 492460, 2, 0
473660, 492460, 3, 0
473660, 492460, 4, 0
473660, 492460, 5, 0
473660, 492460, 6, 0
473660, 492460, 7, 0
473660, 492860, 0, 0
473660, 492860, 1, 0
473660, 492860, 2, 0
473660, 492860, 3, 0
473660, 492860, 4, 0
473660, 492860, 5, 0
473660, 492860, 6, 0
473660, 492860, 7, 0
473660, 493260, 0, 0
473660, 493260, 1, 0
473660, 493260, 2, 0
473660, 493260, 3, 0
473660, 493260, 4, 0
473660, 493260, 5, 0
473660, 493260, 6, 0
473660, 493260, 7, 0
473660, 493660, 0, 0
473660, 493660, 1, 0
473660, 493660, 2, 0
473660, 493660, 3, 0
473660, 493660, 4, 0
473660, 493660, 5, 0
473660, 493660, 6, 0
473660, 493660, 7, 0
473660, 494060, 0, 0
473660, 494060, 1, 0
473660, 494060, 2, 0
473660, 494060, 3, 0
473660, 494060, 4, 0
473660, 494060, 5, 0
473660, 494060, 6, 0
473660, 494060, 7, 0
473660, 494460, 0, 0
473660, 494460, 1, 0
473660, 494460, 2, 0
473660, 494460, 3, 0
473660, 494460, 4, 0
473660, 494460, 5, 0
473660, 494460, 6, 0
473660, 494460, 7, 0
473660, 494860, 0, 0
473660, 494860, 1, 0
473660, 494860, 2, 0
473660, 494860, 3, 0
473660, 494860, 4, 0
473660, 494860, 5, 0
473660, 494860, 6, 0
473660, 494860, 7, 0
473660, 495260, 0, 0
473660, 495260, 1, 0
473660, 495260, 2, 0
473660, 495260, 3, 0
473660, 495260, 4, 0
473660, 495260, 5, 0
473660, 495260, 6, 0
473660, 495260, 7, 0
473660, 495660, 0, 0
473660, 495660, 1, 0
473660, 495660, 2, 0
473660, 495660, 3, 0
473660, 495660, 4, 0
473660, 495660, 5, 0
473660, 495660, 6, 0
473660, 495660, 7, 0
473660, 496060, 0, 0
473660, 496060, 1, 0
473660, 496060, 2, 0
473660, 496060, 3, 0
473660, 496060, 4, 0
473660, 496060, 5, 0
473660, 496060, 6, 0
473660, 496060, 7, 0
473660, 496460, 0, 0
473660, 496460, 1, 0
473660, 496460, 2, 0
473660, 496460, 3, 0
473660, 496460, 4, 0
473660, 496460, 5, 0
473660, 496460, 6, 0
473660, 496460, 7, 0
473660, 496860, 0, 0
473660, 496860, 1, 0
473660, 496860, 2, 0
473660, 496860, 3, 0
473660, 496860, 4, 0
473660, 496860, 5, 0
473660, 496860, 6, 0
473660, 496860, 7, 0
473660, 497260, 0, 0
473660, 497260, 1, 0
473660, 497260, 2, 0
473660, 497260, 3, 0
473660, 497260, 4, 0
473660, 497260, 5, 0
473660, 497260, 6, 0
473660, 497260, 7, 0
473660, 497660, 0, 0
473660, 497660, 1, 0
473660, 497660, 2, 0
473660, 497660, 3, 0
473660, 497660, 4, 0
473660, 497660, 5, 0
473660, 497660, 6, 0
473660, 497660, 7, 0
473660, 498060, 0, 0
473660, 498060, 1, 0
473660, 498060, 2, 0
473660, 498060, 3, 0
473660, 498060, 4, 0
473660, 498060, 5, 0
473660, 498060, 6, 0
473660, 498060, 7, 0
473660, 498460, 0, 0
473660, 498460, 1, 0
473660, 498460, 2, 0
473660, 498460, 3, 0
473660, 498460, 4, 0
473660, 498460, 5, 0
473660, 498460, 6, 0
473660, 498460, 7, 0
473660, 498860, 0, 0
473660, 498860, 1, 0
473660, 498860, 2, 0
473660, 498860, 3, 0
473660, 498860, 4, 0
473660, 498860, 5, 0
473660, 498860, 6, 0
473660, 498860, 7, 0
473660, 499260, 0, 0
473660, 499260, 1, 0
473660, 499260, 2, 0
473660, 499260, 3, 0
473660, 499260, 4, 0
473660, 499260, 5, 0
473660, 499260, 6, 0
473660, 499260, 7, 0
473660, 499660, 0, 0
473660, 499660, 1, 0
473660, 499660, 2, 0
473660, 499660, 3, 0
473660, 499660, 4, 0
473660, 499660, 5, 0
473660, 499660, 6, 0
473660, 499660, 7, 0
473660, 500060, 0, 0
473660, 500060, 1, 0
473660, 500060, 2, 0
473660, 500060, 3, 0
473660, 500060, 4, 0
473660, 500060, 5, 0
473660, 500060, 6, 0
473660, 500060, 7, 0
473660, 500460, 0, 0
473660, 500460, 1, 0
473660, 500460, 2, 0
473660, 500460, 3, 0
473660, 500460, 4, 0
473660, 500460, 5, 0
473660, 500460, 6, 0
473660, 500460, 7, 0
473660, 500860, 0, 0
473660, 500860, 1, 0
473660, 500860, 2, 0
473660, 500860, 3, 0
473660, 500860, 4, 0
473660, 500860, 5, 0
473660, 500860, 6, 0
473660, 500860, 7, 0
473660, 501260, 0, 0
473660, 501260, 1, 0
473660, 501260, 2, 0
473660, 501260, 3, 0
473660, 501260, 4, 0
473660, 501260, 5, 0
473660, 501260, 6, 0
473660, 501260, 7, 0
473660, 501660, 0, 0
473660, 501660, 1, 0
473660, 501660, 2, 0
473660, 501660, 3, 0
473660, 501660, 4, 0
473660, 501660, 5, 0
473660, 501660, 6, 0
473660, 501660, 7, 0
473660, 502060, 0, 0
473660, 502060, 1, 0
473660, 502060, 2, 0
473660, 502060, 3, 0
473660, 502060, 4, 0
473660, 502060, 5, 0
473660, 502060, 6, 0
473660, 502060, 7, 0
473660, 502460, 0, 0
473660, 502460, 1, 0
473660, 502460, 2, 0
473660, 502460, 3, 0
473660, 502460, 4, 0
473660, 502460, 5, 0
473660, 502460, 6, 0
473660, 502460, 7, 0
473660, 502860, 0, 0
473660, 502860, 1, 0
473660, 502860, 2, 0
473660, 502860, 3, 0
473660, 502860, 4, 0
473660, 502860, 5, 0
473660, 502860, 6, 0
473660, 502860, 7, 0
473660, 503260, 0, 0
473660, 503260, 1, 0
473660, 503260, 2, 0
473660, 503260, 3, 0
473660, 503260, 4, 0
473660, 503260, 5, 0
473660, 503260, 6, 0
473660, 503260, 7, 0
473660, 503660, 0, 0
473660, 503660, 1, 0
473660, 503660, 2, 0
473660, 503660, 3, 0
473660, 503660, 4, 0
473660, 503660, 5, 0
473660, 503660, 6, 0
473660, 503660, 7, 0
473660, 504060, 0, 0
473660, 504060, 1, 0
473660, 504060, 2, 0
473660, 504060, 3, 0
473660, 504060, 4, 0
473660, 504060, 5, 0
473660, 504060, 6, 0
473660, 504060, 7, 0
473660, 504460, 0, 0
473660, 504460, 1, 0
473660, 504460, 2, 0
473660, 504460, 3, 0
473660, 504460, 4, 0
473660, 504460, 5, 0
473660, 504460, 6, 0
473660, 504460, 7, 0
473660, 504860, 0, 0
473660, 504860, 1, 0
473660, 504860, 2, 0
473660, 504860, 3, 0
473660, 504860, 4, 0
473660, 504860, 5, 0
473660, 504860, 6, 0
473660, 504860, 7, 0
473660, 505260, 0, 0
473660, 505260, 1, 0
473660, 505260, 2, 0
473660, 505260, 3, 0
473660, 505260, 4, 0
473660, 505260, 5, 0
473660, 505260, 6, 0
473660, 505260, 7, 0
473660, 505660, 0, 0
473660, 505660, 1, 0
473660, 505660, 2, 0
473660, 505660, 3, 0
473660, 505660, 4, 0
473660, 505660, 5, 0
473660, 505660, 6, 0
473660, 505660, 7, 0
473660, 506060, 0, 0
473660, 506060, 1, 0
473660, 506060, 2, 0
473660, 506060, 3, 0
473660, 506060, 4, 0
473660, 506060, 5, 0
473660, 506060, 6, 0
473660, 506060, 7, 0
473660, 506460, 0, 0
473660, 506460, 1, 0
473660, 506460, 2, 0
473660, 506460, 3, 0
473660, 506460, 4, 0
473660, 506460, 5, 0
473660, 506460, 6, 0
473660, 506460, 7, 0
473660, 506860, 0, 0
473660, 506860, 1, 0
473660, 506860, 2, 0
473660, 506860, 3, 0
473660, 506860, 4, 0
473660, 506860, 5, 0
473660, 506860, 6, 0
473660, 506860, 7, 0
473660, 507260, 0, 0
473660, 507260, 1, 0
473660, 507260, 2, 0
473660, 507260, 3, 0
473660, 507260, 4, 0
473660, 507260, 5, 0
473660, 507260, 6, 0
473660, 507260, 7, 0
473660, 507660, 0, 0
473660, 507660, 1, 0
473660, 507660, 2, 0
473660, 507660, 3, 0
473660, 507660, 4, 0
473660, 507660, 5, 0
473660, 507660, 6, 0
473660, 507660, 7, 0
473660, 508060, 0, 0
473660, 508060, 1, 0
473660, 508060, 2, 0
473660, 508060, 3, 0
473660, 508060, 4, 0
473660, 508060, 5, 0
473660, 508060, 6, 0
473660, 508060, 7, 0
473660, 508460, 0, 0
473660, 508460, 1, 0
473660, 508460, 2, 0
473660, 508460, 3, 0
473660, 508460, 4, 0
473660, 508460, 5, 0
473660, 508460, 6, 0
473660, 508460, 7, 0
473660, 508860, 0, 0
473660, 508860, 1, 0
473660, 508860, 2, 0
473660, 508860, 3, 0
473660, 508860, 4, 0
473660, 508860, 5, 0
473660, 508860, 6, 0
473660, 508860, 7, 0
473660, 509260, 0, 0
473660, 509260, 1, 0
473660, 509260, 2, 0
473660, 509260, 3, 0
473660, 509260, 4, 0
473660, 509260, 5, 0
473660, 509260, 6, 0
473660, 509260, 7, 0
473660, 509660, 0, 0
473660, 509660, 1, 0
473660, 509660, 2, 0
473660, 509660, 3, 0
473660, 509660, 4, 0
473660, 509660, 5, 0
473660, 509660, 6, 0
473660, 509660, 7, 0
473660, 510060, 0, 0
473660, 510060, 1, 0
473660, 510060, 2, 0
473660, 510060, 3, 0
473660, 510060, 4, 0
473660, 510060, 5, 0
473660, 510060, 6, 0
473660, 510060, 7, 0
473660, 510460, 0, 0
473660, 510460, 1, 0
473660, 510460, 2, 0
473660, 510460, 3, 0
473660, 510460, 4, 0
473660, 510460, 5, 0
473660, 510460, 6, 0
473660, 510460, 7, 0
473660, 510860, 0, 0
473660, 510860, 1, 0
473660, 510860, 2, 0
473660, 510860, 3, 0
473660, 510860, 4, 0
473660, 510860, 5, 0
473660, 510860, 6, 0
473660, 510860, 7, 0
473660, 511260, 0, 0
473660, 511260, 1, 0
473660, 511260, 2, 0
473660, 511260, 3, 0
473660, 511260, 4, 0
473660, 511260, 5, 0
473660, 511260, 6, 0
473660, 511260, 7, 0
473660, 511660, 0, 0
473660, 511660, 1, 0
473660, 511660, 2, 0
473660, 511660, 3, 0
473660, 511660, 4, 0
473660, 511660, 5, 0
473660, 511660, 6, 0
473660, 511660, 7, 0
473660, 512060, 0, 0
473660, 512060, 1, 0
473660, 512060, 2, 0
473660, 512060, 3, 0
473660, 512060, 4, 0
473660, 512060, 5, 0
473660, 512060, 6, 0
473660, 512060, 7, 0
473660, 512460, 0, 0
473660, 512460, 1, 0
473660, 512460, 2, 0
473660, 512460, 3, 0
473660, 512460, 4, 0
473660, 512460, 5, 0
473660, 512460, 6, 0
473660, 512460, 7, 0
473660, 512860, 0, 0
473660, 512860, 1, 0
473660, 512860, 2, 0
473660, 512860, 3, 0
473660, 512860, 4, 0
473660, 512860, 5, 0
473660, 512860, 6, 0
473660, 512860, 7, 0
473660, 513260, 0, 0
473660, 513260, 1, 0
473660, 513260, 2, 0
473660, 513260, 3, 0
473660, 513260, 4, 0
473660, 513260, 5, 0
473660, 513260, 6, 0
473660, 513260, 7, 0
473660, 513660, 0, 0
473660, 513660, 1, 0
473660, 513660, 2, 0
473660, 513660, 3, 0
473660, 513660, 4, 0
473660, 513660, 5, 0
473660, 513660, 6, 0
473660, 513660, 7, 0
473660, 514060, 0, 0
473660, 514060, 1, 0
473660, 514060, 2, 0
473660, 514060, 3, 0
473660, 514060, 4, 0
473660, 514060, 5, 0
473660, 514060, 6, 0
473660, 514060, 7, 0
473660, 514460, 0, 0
473660, 514460, 1, 0
473660, 514460, 2, 0
473660, 514460, 3, 0
473660, 514460, 4, 0
473660, 514460, 5, 0
473660, 514460, 6, 0
473660, 514460, 7, 0
473660, 514860, 0, 0
473660, 514860, 1, 0
473660, 514860, 2, 0
473660, 514860, 3, 0
473660, 514860, 4, 0
473660, 514860, 5, 0
473660, 514860, 6, 0
473660, 514860, 7, 0
473660, 515260, 0, 0
473660, 515260, 1, 0
473660, 515260, 2, 0
473660, 515260, 3, 0
473660, 515260, 4, 0
473660, 515260, 5, 0
473660, 515260, 6, 0
473660, 515260, 7, 0
473660, 515660, 0, 0
473660, 515660, 1, 0
473660, 515660, 2, 0
473660, 515660, 3, 0
473660, 515660, 4, 0
473660, 515660, 5, 0
473660, 515660, 6, 0
473660, 515660, 7, 0
473660, 516060, 0, 0
473660, 516060, 1, 0
473660, 516060, 2, 0
473660, 516060, 3, 0
473660, 516060, 4, 0
473660, 516060, 5, 0
473660, 516060, 6, 0
473660, 516060, 7, 0
473660, 516460, 0, 0
473660, 516460, 1, 0
473660, 516460, 2, 0
473660, 516460, 3, 0
473660, 516460, 4, 0
473660, 516460, 5, 0
473660, 516460, 6, 0
473660, 516460, 7, 0
473660, 516860, 0, 0
473660, 516860, 1, 0
473660, 516860, 2, 0
473660, 516860, 3, 0
473660, 516860, 4, 0
473660, 516860, 5, 0
473660, 516860, 6, 0
473660, 516860, 7, 0
473660, 517260, 0, 0
473660, 517260, 1, 0
473660, 517260, 2, 0
473660, 517260, 3, 0
473660, 517260, 4, 0
473660, 517260, 5, 0
473660, 517260, 6, 0
473660, 517260, 7, 0
473660, 517660, 0, 0
473660, 517660, 1, 0
473660, 517660, 2, 0
473660, 517660, 3, 0
473660, 517660, 4, 0
473660, 517660, 5, 0
473660, 517660, 6, 0
473660, 517660, 7, 0
473660, 518060, 0, 0
473660, 518060, 1, 0
473660, 518060, 2, 0
473660, 518060, 3, 0
473660, 518060, 4, 0
473660, 518060, 5, 0
473660, 518060, 6, 0
473660, 518060, 7, 0
473660, 518460, 0, 0
473660, 518460, 1, 0
473660, 518460, 2, 0
473660, 518460, 3, 0
473660, 518460, 4, 0
473660, 518460, 5, 0
473660, 518460, 6, 0
473660, 518460, 7, 0
473660, 518860, 0, 0
473660, 518860, 1, 0
473660, 518860, 2, 0
473660, 518860, 3, 0
473660, 518860, 4, 0
473660, 518860, 5, 0
473660, 518860, 6, 0
473660, 518860, 7, 0
473660, 519260, 0, 0
473660, 519260, 1, 0
473660, 519260, 2, 0
473660, 519260, 3, 0
473660, 519260, 4, 0
473660, 519260, 5, 0
473660, 519260, 6, 0
473660, 519260, 7, 0
473660, 519660, 0, 0
473660, 519660, 1, 0
473660, 519660, 2, 0
473660, 519660, 3, 0
473660, 519660, 4, 0
473660, 519660, 5, 0
473660, 519660, 6, 0
473660, 519660, 7, 0
473660, 520060, 0, 0
473660, 520060, 1, 0
473660, 520060, 2, 0
473660, 520060, 3, 0
473660, 520060, 4, 0
473660, 520060, 5, 0
473660, 520060, 6, 0
473660, 520060, 7, 0
473660, 520460, 0, 0
473660, 520460, 1, 0
473660, 520460, 2, 0
473660, 520460, 3, 0
473660, 520460, 4, 0
473660, 520460, 5, 0
473660, 520460, 6, 0
473660, 520460, 7, 0
473660, 520860, 0, 0
473660, 520860, 1, 0
473660, 520860, 2, 0
473660, 520860, 3, 0
473660, 520860, 4, 0
473660, 520860, 5, 0
473660, 520860, 6, 0
473660, 520860, 7, 0
473660, 521260, 0, 0
473660, 521260, 1, 0
473660, 521260, 2, 0
473660, 521260, 3, 0
473660, 521260, 4, 0
473660, 521260, 5, 0
473660, 521260, 6, 0
473660, 521260, 7, 0
473660, 521660, 0, 0
473660, 521660, 1, 0
473660, 521660, 2, 0
473660, 521660, 3, 0
473660, 521660, 4, 0
473660, 521660, 5, 0
473660, 521660, 6, 0
473660, 521660, 7, 0
473660, 522060, 0, 0
473660, 522060, 1, 0
473660, 522060, 2, 0
473660, 522060, 3, 0
473660, 522060, 4, 0
473660, 522060, 5, 0
473660, 522060, 6, 0
473660, 522060, 7, 0
473660, 522460, 0, 0
473660, 522460, 1, 0
473660, 522460, 2, 0
473660, 522460, 3, 0
473660, 522460, 4, 0
473660, 522460, 5, 0
473660, 522460, 6, 0
473660, 522460, 7, 0
473660, 522860, 0, 0
473660, 522860, 1, 0
473660, 522860, 2, 0
473660, 522860, 3, 0
473660, 522860, 4, 0
473660, 522860, 5, 0
473660, 522860, 6, 0
473660, 522860, 7, 0
473660, 523260, 0, 0
473660, 523260, 1, 0
473660, 523260, 2, 0
473660, 523260, 3, 0
473660, 523260, 4, 0
473660, 523260, 5, 0
473660, 523260, 6, 0
473660, 523260, 7, 0
473660, 523660, 0, 0
473660, 523660, 1, 0
473660, 523660, 2, 0
473660, 523660, 3, 0
473660, 523660, 4, 0
473660, 523660, 5, 0
473660, 523660, 6, 0
473660, 523660, 7, 0
473660, 524060, 0, 0
473660, 524060, 1, 0
473660, 524060, 2, 0
473660, 524060, 3, 0
473660, 524060, 4, 0
473660, 524060, 5, 0
473660, 524060, 6, 0
473660, 524060, 7, 0
473660, 524460, 0, 0
473660, 524460, 1, 0
473660, 524460, 2, 0
473660, 524460, 3, 0
473660, 524460, 4, 0
473660, 524460, 5, 0
473660, 524460, 6, 0
473660, 524460, 7, 0
473660, 524860, 0, 0
473660, 524860, 1, 0
473660, 524860, 2, 0
473660, 524860, 3, 0
473660, 524860, 4, 0
473660, 524860, 5, 0
473660, 524860, 6, 0
473660, 524860, 7, 0
473660, 525260, 0, 0
473660, 525260, 1, 0
473660, 525260, 2, 0
473660, 525260, 3, 0
473660, 525260, 4, 0
473660, 525260, 5, 0
473660, 525260, 6, 0
473660, 525260, 7, 0
473660, 525660, 0, 0
473660, 525660, 1, 0
473660, 525660, 2, 0
473660, 525660, 3, 0
473660, 525660, 4, 0
473660, 525660, 5, 0
473660, 525660, 6, 0
473660, 525660, 7, 0
473660, 526060, 0, 0
473660, 526060, 1, 0
473660, 526060, 2, 0
473660, 526060, 3, 0
473660, 526060, 4, 0
473660, 526060, 5, 0
473660, 526060, 6, 0
473660, 526060, 7, 0
473660, 526460, 0, 0
473660, 526460, 1, 0
473660, 526460, 2, 0
473660, 526460, 3, 0
473660, 526460, 4, 0
473660, 526460, 5, 0
473660, 526460, 6, 0
473660, 526460, 7, 0
473660, 526860, 0, 0
473660, 526860, 1, 0
473660, 526860, 2, 0
473660, 526860, 3, 0
473660, 526860, 4, 0
473660, 526860, 5, 0
473660, 526860, 6, 0
473660, 526860, 7, 0
473660, 527260, 0, 0
473660, 527260, 1, 0
473660, 527260, 2, 0
473660, 527260, 3, 0
473660, 527260, 4, 0
473660, 527260, 5, 0
473660, 527260, 6, 0
473660, 527260, 7, 0
473660, 527660, 0, 0
473660, 527660, 1, 0
473660, 527660, 2, 0
473660, 527660, 3, 0
473660, 527660, 4, 0
473660, 527660, 5, 0
473660, 527660, 6, 0
473660, 527660, 7, 0
473660, 528060, 0, 0
473660, 528060, 1, 0
473660, 528060, 2, 0
473660, 528060, 3, 0
473660, 528060, 4, 0
473660, 528060, 5, 0
473660, 528060, 6, 0
473660, 528060, 7, 0
473660, 528460, 0, 0
473660, 528460, 1, 0
473660, 528460, 2, 0
473660, 528460, 3, 0
473660, 528460, 4, 0
473660, 528460, 5, 0
473660, 528460, 6, 0
473660, 528460, 7, 0
473660, 528860, 0, 0
473660, 528860, 1, 0
473660, 528860, 2, 0
473660, 528860, 3, 0
473660, 528860, 4, 0
473660, 528860, 5, 0
473660, 528860, 6, 0
473660, 528860, 7, 0
473660, 529260, 0, 0
473660, 529260, 1, 0
473660, 529260, 2, 0
473660, 529260, 3, 0
473660, 529260, 4, 0
473660, 529260, 5, 0
473660, 529260, 6, 0
473660, 529260, 7, 0
473660, 529660, 0, 0
473660, 529660, 1, 0
473660, 529660, 2, 0
473660, 529660, 3, 0
473660, 529660, 4, 0
473660, 529660, 5, 0
473660, 529660, 6, 0
473660, 529660, 7, 0
473660, 530060, 0, 0
473660, 530060, 1, 0
473660, 530060, 2, 0
473660, 530060, 3, 0
473660, 530060, 4, 0
473660, 530060, 5, 0
473660, 530060, 6, 0
473660, 530060, 7, 0
473660, 530460, 0, 0
473660, 530460, 1, 0
473660, 530460, 2, 0
473660, 530460, 3, 0
473660, 530460, 4, 0
473660, 530460, 5, 0
473660, 530460, 6, 0
473660, 530460, 7, 0
473660, 530860, 0, 0
473660, 530860, 1, 0
473660, 530860, 2, 0
473660, 530860, 3, 0
473660, 530860, 4, 0
473660, 530860, 5, 0
473660, 530860, 6, 0
473660, 530860, 7, 0
473660, 531260, 0, 0
473660, 531260, 1, 0
473660, 531260, 2, 0
473660, 531260, 3, 0
473660, 531260, 4, 0
473660, 531260, 5, 0
473660, 531260, 6, 0
473660, 531260, 7, 0
473660, 531660, 0, 0
473660, 531660, 1, 0
473660, 531660, 2, 0
473660, 531660, 3, 0
473660, 531660, 4, 0
473660, 531660, 5, 0
473660, 531660, 6, 0
473660, 531660, 7, 0
473660, 532060, 0, 0
473660, 532060, 1, 0
473660, 532060, 2, 0
473660, 532060, 3, 0
473660, 532060, 4, 0
473660, 532060, 5, 0
473660, 532060, 6, 0
473660, 532060, 7, 0
473660, 532460, 0, 0
473660, 532460, 1, 0
473660, 532460, 2, 0
473660, 532460, 3, 0
473660, 532460, 4, 0
473660, 532460, 5, 0
473660, 532460, 6, 0
473660, 532460, 7, 0
473660, 532860, 0, 0
473660, 532860, 1, 0
473660, 532860, 2, 0
473660, 532860, 3, 0
473660, 532860, 4, 0
473660, 532860, 5, 0
473660, 532860, 6, 0
473660, 532860, 7, 0
473660, 533260, 0, 0
473660, 533260, 1, 0
473660, 533260, 2, 0
473660, 533260, 3, 0
473660, 533260, 4, 0
473660, 533260, 5, 0
473660, 533260, 6, 0
473660, 533260, 7, 0
473660, 533660, 0, 0
473660, 533660, 1, 0
473660, 533660, 2, 0
473660, 533660, 3, 0
473660, 533660, 4, 0
473660, 533660, 5, 0
473660, 533660, 6, 0
473660, 533660, 7, 0
473660, 534060, 0, 0
473660, 534060, 1, 0
473660, 534060, 2, 0
473660, 534060, 3, 0
473660, 534060, 4, 0
473660, 534060, 5, 0
473660, 534060, 6, 0
473660, 534060, 7, 0
473660, 534460, 0, 0
473660, 534460, 1, 0
473660, 534460, 2, 0
473660, 534460, 3, 0
473660, 534460, 4, 0
473660, 534460, 5, 0
473660, 534460, 6, 0
473660, 534460, 7, 0
586518, 586518, 0, 0
586518, 586518, 1, 0
586518, 586518, 2, 0
586518, 586518, 3, 0
586518, 586518, 4, 0
586518, 586518, 5, 0
586518, 586518, 6, 0
586518, 586518, 7, 0
586518, 586918, 0, 0
586518, 586918, 1, 0
586518, 586918, 2, 0
586518, 586918, 3, 0
586518, 586918, 4, 0
586518, 586918, 5, 0
586518, 586918, 6, 0
586518, 586918, 7, 0
586518, 587318, 0, 0
586518, 587318, 1, 0
586518, 587318, 2, 0
586518, 587318, 3, 0
586518, 587318, 4, 0
586518, 587318, 5, 0
586518, 587318, 6, 0
586518, 587318, 7, 0
586518, 587718, 0, 0
586518, 587718, 1, 0
586518, 587718, 2, 0
586518, 587718, 3, 0
586518, 587718, 4, 0
586518, 587718, 5, 0
586518, 587718, 6, 0
586518, 587718, 7, 0
586518, 588118, 0, 0
586518, 588118, 1, 0
586518, 588118, 2, 0
586518, 588118, 3, 0
586518, 588118, 4, 0
586518, 588118, 5, 0
586518, 588118, 6, 0
586518, 588118, 7, 0
586518, 588518, 0, 0
586518, 588518, 1, 0
586518, 588518, 2, 0
586518, 588518, 3, 0
586518, 588518, 4, 0
586518, 588518, 5, 0
586518, 588518, 6, 0
586518, 588518, 7, 0
586518, 588918, 0, 0
586518, 588918, 1, 0
586518, 588918, 2, 0
586518, 588918, 3, 0
586518, 588918, 4, 0
586518, 588918, 5, 0
586518, 588918, 6, 0
586518, 588918, 7, 0
586518, 589318, 0, 0
586518, 589318, 1, 0
586518, 589318, 2, 0
586518, 589318, 3, 0
586518, 589318, 4, 0
586518, 589318, 5, 0
586518, 589318, 6, 0
586518, 589318, 7, 0
586518, 589718, 0, 0
586518, 589718, 1, 0
586518, 589718, 2, 0
586518, 589718, 3, 0
586518, 589718, 4, 0
586518, 589718, 5, 0
586518, 589718, 6, 0
586518, 589718, 7, 0
586518, 590118, 0, 0
586518, 590118, 1, 0
586518, 590118, 2, 0
586518, 590118, 3, 0
586518, 590118, 4, 0
586518, 590118, 5, 0
586518, 590118, 6, 0
586518, 590118, 7, 0
586518, 590518, 0, 0
586518, 590518, 1, 0
586518, 590518, 2, 0
586518, 590518, 3, 0
586518, 590518, 4, 0
586518, 590518, 5, 0
586518, 590518, 6, 0
586518, 590518, 7, 0
586518, 590918, 0, 0
586518, 590918, 1, 0
586518, 590918, 2, 0
586518, 590918, 3, 0
586518, 590918, 4, 0
586518, 590918, 5, 0
586518, 590918, 6, 0
586518, 590918, 7, 0
586518, 591318, 0, 0
586518, 591318, 1, 0
586518, 591318, 2, 0
586518, 591318, 3, 0
586518, 591318, 4, 0
586518, 591318, 5, 0
586518, 591318, 6, 0
586518, 591318, 7, 0
586518, 591718, 0, 0
586518, 591718, 1, 0
586518, 591718, 2, 0
586518, 591718, 3, 0
586518, 591718, 4, 0
586518, 591718, 5, 0
586518, 591718, 6, 0
586518, 591718, 7, 0
586518, 592118, 0, 0
586518, 592118, 1, 0
586518, 592118, 2, 0
586518, 592118, 3, 0
586518, 592118, 4, 0
586518, 592118, 5, 0
586518, 592118, 6, 0
586518, 592118, 7, 0
586518, 592518, 0, 0
586518, 592518, 1, 0
586518, 592518, 2, 0
586518, 592518, 3, 0
586518, 592518, 4, 0
586518, 592518, 5, 0
586518, 592518, 6, 0
586518, 592518, 7, 0
586518, 592918, 0, 0
586518, 592918, 1, 0
586518, 592918, 2, 0
586518, 592918, 3, 0
586518, 592918, 4, 0
586518, 592918, 5, 0
586518, 592918, 6, 0
586518, 592918, 7, 0
586518, 593318, 0, 0
586518, 593318, 1, 0
586518, 593318, 2, 0
586518, 593318, 3, 0
586518, 593318, 4, 0
586518, 593318, 5, 0
586518, 593318, 6, 0
586518, 593318, 7, 0
586518, 593718, 0, 0
586518, 593718, 1, 0
586518, 593718, 2, 0
586518, 593718, 3, 0
586518, 593718, 4, 0
586518, 593718, 5, 0
586518, 593718, 6, 0
586518, 593718, 7, 0
586518, 594118, 0, 0
586518, 594118, 1, 0
586518, 594118, 2, 0
586518, 594118, 3, 0
586518, 594118, 4, 0
586518, 594118, 5, 0
586518, 594118, 6, 0
586518, 594118, 7, 0
586518, 594518, 0, 0
586518, 594518, 1, 0
586518, 594518, 2, 0
586518, 594518, 3, 0
586518, 594518, 4, 0
586518, 594518, 5, 0
586518, 594518, 6, 0
586518, 594518, 7, 0
586518, 594918, 0, 0
586518, 594918, 1, 0
586518, 594918, 2, 0
586518, 594918, 3, 0
586518, 594918, 4, 0
586518, 594918, 5, 0
586518, 594918, 6, 0
586518, 594918, 7, 0
586518, 595318, 0, 0
586518, 595318, 1, 0
586518, 595318, 2, 0
586518, 595318, 3, 0
586518, 595318, 4, 0
586518, 595318, 5, 0
586518, 595318, 6, 0
586518, 595318, 7, 0
586518, 595718, 0, 0
586518, 595718, 1, 0
586518, 595718, 2, 0
586518, 595718, 3, 0
586518, 595718, 4, 0
586518, 595718, 5, 0
586518, 595718, 6, 0
586518, 595718, 7, 0
586518, 596118, 0, 0
586518, 596118, 1, 0
586518, 596118, 2, 0
586518, 596118, 3, 0
586518, 596118, 4, 0
586518, 596118, 5, 0
586518, 596118, 6, 0
586518, 596118, 7, 0
586518, 596518, 0, 0
586518, 596518, 1, 0
586518, 596518, 2, 0
586518, 596518, 3, 0
586518, 596518, 4, 0
586518, 596518, 5, 0
586518, 596518, 6, 0
586518, 596518, 7, 0
586518, 596918, 0, 0
586518, 596918, 1, 0
586518, 596918, 2, 0
586518, 596918, 3, 0
586518, 596918, 4, 0
586518, 596918, 5, 0
586518, 596918, 6, 0
586518, 596918, 7, 0
586518, 597318, 0, 0
586518, 597318, 1, 0
586518, 597318, 2, 0
586518, 597318, 3, 0
586518, 597318, 4, 0
586518, 597318, 5, 0
586518, 597318, 6, 0
586518, 597318, 7, 0
586518, 597718, 0, 0
586518, 597718, 1, 0
586518, 597718, 2, 0
586518, 597718, 3, 0
586518, 597718, 4, 0
586518, 597718, 5, 0
586518, 597718, 6, 0
586518, 597718, 7, 0
586518, 598118, 0, 0
586518, 598118, 1, 0
586518, 598118, 2, 0
586518, 598118, 3, 0
586518, 598118, 4, 0
586518, 598118, 5, 0
586518, 598118, 6, 0
586518, 598118, 7, 0
586518, 598518, 0, 0
586518, 598518, 1, 0
586518, 598518, 2, 0
586518, 598518, 3, 0
586518, 598518, 4, 0
586518, 598518, 5, 0
586518, 598518, 6, 0
586518, 598518, 7, 0
586518, 598918, 0, 0
586518, 598918, 1, 0
586518, 598918, 2, 0
586518, 598918, 3, 0
586518, 598918, 4, 0
586518, 598918, 5, 0
586518, 598918, 6, 0
586518, 598918, 7, 0
586518, 599318, 0, 0
586518, 599318, 1, 0
586518, 599318, 2, 0
586518, 599318, 3, 0
586518, 599318, 4, 0
586518, 599318, 5, 0
586518, 599318, 6, 0
586518, 599318, 7, 0
586518, 599718, 0, 0
586518, 599718, 1, 0
586518, 599718, 2, 0
586518, 599718, 3, 0
586518, 599718, 4, 0
586518, 599718, 5, 0
586518, 599718, 6, 0
586518, 599718, 7, 0
586518, 600118, 0, 0
586518, 600118, 1, 0
586518, 600118, 2, 0
586518, 600118, 3, 0
586518, 600118, 4, 0
586518, 600118, 5, 0
586518, 600118, 6, 0
586518, 600118, 7, 0
586518, 600518, 0, 0
586518, 600518, 1, 0
586518, 600518, 2, 0
586518, 600518, 3, 0
586518, 600518, 4, 0
586518, 600518, 5, 0
586518, 600518, 6, 0
586518, 600518, 7, 0
586518, 600918, 0, 0
586518, 600918, 1, 0
586518, 600918, 2, 0
586518, 600918, 3, 0
586518, 600918, 4, 0
586518, 600918, 5, 0
586518, 600918, 6, 0
586518, 600918, 7, 0
586518, 601318, 0, 0
586518, 601318, 1, 0
586518, 601318, 2, 0
586518, 601318, 3, 0
586518, 601318, 4, 0
586518, 601318, 5, 0
586518, 601318, 6, 0
586518, 601318, 7, 0
586518, 601718, 0, 0
586518, 601718, 1, 0
586518, 601718, 2, 0
586518, 601718, 3, 0
586518, 601718, 4, 0
586518, 601718, 5, 0
586518, 601718, 6, 0
586518, 601718, 7, 0
586518, 602118, 0, 0
586518, 602118, 1, 0
586518, 602118, 2, 0
586518, 602118, 3, 0
586518, 602118, 4, 0
586518, 602118, 5, 0
586518, 602118, 6, 0
586518, 602118, 7, 0
586518, 602518, 0, 0
586518, 602518, 1, 0
586518, 602518, 2, 0
586518, 602518, 3, 0
586518, 602518, 4, 0
586518, 602518, 5, 0
586518, 602518, 6, 0
586518, 602518, 7, 0
586518, 602918, 0, 0
586518, 602918, 1, 0
586518, 602918, 2, 0
586518, 602918, 3, 0
586518, 602918, 4, 0
586518, 602918, 5, 0
586518, 602918, 6, 0
586518, 602918, 7, 0
586518, 603318, 0, 0
586518, 603318, 1, 0
586518, 603318, 2, 0
586518, 603318, 3, 0
586518, 603318, 4, 0
586518, 603318, 5, 0
586518, 603318, 6, 0
586518, 603318, 7, 0
586518, 603718, 0, 0
586518, 603718, 1, 0
586518, 603718, 2, 0
586518, 603718, 3, 0
586518, 603718, 4, 0
586518, 603718, 5, 0
586518, 603718, 6, 0
586518, 603718, 7, 0
586518, 604118, 0, 0
586518, 604118, 1, 0
586518, 604118, 2, 0
586518, 604118, 3, 0
586518, 604118, 4, 0
586518, 604118, 5, 0
586518, 604118, 6, 0
586518, 604118, 7, 0
586518, 604518, 0, 0
586518, 604518, 1, 0
586518, 604518, 2, 0
586518, 604518, 3, 0
586518, 604518, 4, 0
586518, 604518, 5, 0
586518, 604518, 6, 0
586518, 604518, 7, 0
586518, 604918, 0, 0
586518, 604918, 1, 0
586518, 604918, 2, 0
586518, 604918, 3, 0
586518, 604918, 4, 0
586518, 604918, 5, 0
586518, 604918, 6, 0
586518, 604918, 7, 0
